# Test: sbreak.hex

      Clk#   PC 
         4: 00000800 
         5: 00000804 X10: 00000000
         6: 00000806 
         7: 00000808 X28: 00000000
         8: 0000080c X 5: 00000808
         9: 00000810 X 5: 000006c0
        10: 00000814 
        11: 00000816 X10: 00000001
        12: 00000818 X10: 80000000
        13: 00000828 
        14: 0000082c X 5: fffff828
        15: 00000830 X 5: 00000000
        16: 0000084c 
        18: 00000850 
        19: 00000854 X10: 00002000
        20: 00000858 X10: 00001800
        22: 0000085c 
        23: 00000860 X 5: 0000085c
        24: 00000864 X 5: 000008a0
        25: 00000868 
        26: 0000086c X10: 00000000
        28: 000008a0 
        29: 000008a2 X28: 00000002
        30: 000006c0 
        31: 000006c4 X14: 00000003
        32: 000006c6 X15: 00000003
        33: 000006ca 
        34: 000006ce X12: f0000000
        35: 000006d2 X15: 00000062
        37: 000006d6 
        38: 000006da X15: 00000072
        40: 000006de 
        41: 000006e2 X15: 00000065
        43: 000006e6 
        44: 000006ea X15: 00000061
        46: 000006ee 
        47: 000006f2 X15: 0000006b
        49: 000006f6 
        50: 000006f8 X15: 0000000a
        52: 000006fc 
        53: 000006fe X15: 00000008
        54: 00000700 X15: 00000008
        55: 00000704 
        56: 00000706 X15: 00000009
        57: 0000070a 
        58: 0000070c X15: 0000000b
        59: 00000710 
        60: 00000714 X14: 00000710
        61: 00000718 X14: 000008c4
        62: 0000071a 
        63: 000008c4 
        64: 000008c6 X 6: 00000003
        65: 000008ca X 5: 00000003
        66: 000008ce 
        67: 000008b6 
        69: 000008ba 
        70: 000008bc X11: 00000002
        71: 000008be X10: 00000000
        72: 000006c0 
        73: 000006c4 X14: 0000000b
        74: 000006c6 X15: 00000003
        75: 000006fc 
        76: 000006fe X15: 00000008
        77: 00000700 X15: 00000008
        78: 00000704 
        79: 00000706 X15: 00000009
        80: 0000070a 
        81: 0000070c X15: 0000000b
        82: 00000728 
        83: 000008e0 
        84: 000000f4 
        85: 000000f8 
        86: 000000f8 
